# JRE version: OpenJDK Runtime Environment (8.0_152-b01) (build 1.8.0_152-release-1343-b01)
# Java VM: OpenJDK 64-Bit Server VM (25.152-b01 mixed mode windows-amd64 compressed oops)
Heap:
 PSYoungGen      total 254464K, used 118973K [0x00000000eab00000, 0x00000000fbc00000, 0x0000000100000000)
  eden space 239616K, 43% used [0x00000000eab00000,0x00000000f10def10,0x00000000f9500000)
  from space 14848K, 98% used [0x00000000f9b80000,0x00000000fa9d0628,0x00000000faa00000)
  to   space 18432K, 0% used [0x00000000faa00000,0x00000000faa00000,0x00000000fbc00000)
 ParOldGen       total 241152K, used 42793K [0x00000000c0000000, 0x00000000ceb80000, 0x00000000eab00000)
  object space 241152K, 17% used [0x00000000c0000000,0x00000000c29ca4c0,0x00000000ceb80000)
 Metaspace       used 82508K, capacity 88072K, committed 88192K, reserved 1126400K
  class space    used 10337K, capacity 11354K, committed 11392K, reserved 1048576K
GC Heap History (10 events):
Event: 2833.713 GC heap before
{Heap before GC invocations=30 (full 3):
 PSYoungGen      total 285184K, used 283040K [0x00000000eab00000, 0x00000000fdd80000, 0x0000000100000000)
  eden space 274944K, 100% used [0x00000000eab00000,0x00000000fb780000,0x00000000fb780000)
  from space 10240K, 79% used [0x00000000fd380000,0x00000000fdb68040,0x00000000fdd80000)
  to   space 19456K, 0% used [0x00000000fb780000,0x00000000fb780000,0x00000000fca80000)
 ParOldGen       total 241152K, used 42753K [0x00000000c0000000, 0x00000000ceb80000, 0x00000000eab00000)
  object space 241152K, 17% used [0x00000000c0000000,0x00000000c29c04c0,0x00000000ceb80000)
 Metaspace       used 77154K, capacity 81988K, committed 82304K, reserved 1120256K
  class space    used 9694K, capacity 10511K, committed 10624K, reserved 1048576K
Event: 2833.718 GC heap after
Heap after GC invocations=30 (full 3):
 PSYoungGen      total 272896K, used 5552K [0x00000000eab00000, 0x00000000fd500000, 0x0000000100000000)
  eden space 267264K, 0% used [0x00000000eab00000,0x00000000eab00000,0x00000000fb000000)
  from space 5632K, 98% used [0x00000000fb780000,0x00000000fbcec220,0x00000000fbd00000)
  to   space 18944K, 0% used [0x00000000fc280000,0x00000000fc280000,0x00000000fd500000)
 ParOldGen       total 241152K, used 42761K [0x00000000c0000000, 0x00000000ceb80000, 0x00000000eab00000)
  object space 241152K, 17% used [0x00000000c0000000,0x00000000c29c24c0,0x00000000ceb80000)
 Metaspace       used 77154K, capacity 81988K, committed 82304K, reserved 1120256K
  class space    used 9694K, capacity 10511K, committed 10624K, reserved 1048576K
}
Event: 3574.714 GC heap before
{Heap before GC invocations=31 (full 3):
 PSYoungGen      total 272896K, used 272816K [0x00000000eab00000, 0x00000000fd500000, 0x0000000100000000)
  eden space 267264K, 100% used [0x00000000eab00000,0x00000000fb000000,0x00000000fb000000)
  from space 5632K, 98% used [0x00000000fb780000,0x00000000fbcec220,0x00000000fbd00000)
  to   space 18944K, 0% used [0x00000000fc280000,0x00000000fc280000,0x00000000fd500000)
 ParOldGen       total 241152K, used 42761K [0x00000000c0000000, 0x00000000ceb80000, 0x00000000eab00000)
  object space 241152K, 17% used [0x00000000c0000000,0x00000000c29c24c0,0x00000000ceb80000)
 Metaspace       used 77280K, capacity 82158K, committed 82304K, reserved 1120256K
  class space    used 9698K, capacity 10519K, committed 10624K, reserved 1048576K
Event: 3574.720 GC heap after
Heap after GC invocations=31 (full 3):
 PSYoungGen      total 270848K, used 6073K [0x00000000eab00000, 0x00000000fcd00000, 0x0000000100000000)
  eden space 260096K, 0% used [0x00000000eab00000,0x00000000eab00000,0x00000000fa900000)
  from space 10752K, 56% used [0x00000000fc280000,0x00000000fc86e628,0x00000000fcd00000)
  to   space 18432K, 0% used [0x00000000fa900000,0x00000000fa900000,0x00000000fbb00000)
 ParOldGen       total 241152K, used 42769K [0x00000000c0000000, 0x00000000ceb80000, 0x00000000eab00000)
  object space 241152K, 17% used [0x00000000c0000000,0x00000000c29c44c0,0x00000000ceb80000)
 Metaspace       used 77280K, capacity 82158K, committed 82304K, reserved 1120256K
  class space    used 9698K, capacity 10519K, committed 10624K, reserved 1048576K
}
Event: 4296.160 GC heap before
{Heap before GC invocations=32 (full 3):
 PSYoungGen      total 270848K, used 266169K [0x00000000eab00000, 0x00000000fcd00000, 0x0000000100000000)
  eden space 260096K, 100% used [0x00000000eab00000,0x00000000fa900000,0x00000000fa900000)
  from space 10752K, 56% used [0x00000000fc280000,0x00000000fc86e628,0x00000000fcd00000)
  to   space 18432K, 0% used [0x00000000fa900000,0x00000000fa900000,0x00000000fbb00000)
 ParOldGen       total 241152K, used 42769K [0x00000000c0000000, 0x00000000ceb80000, 0x00000000eab00000)
  object space 241152K, 17% used [0x00000000c0000000,0x00000000c29c44c0,0x00000000ceb80000)
 Metaspace       used 77476K, capacity 82306K, committed 82560K, reserved 1122304K
  class space    used 9704K, capacity 10523K, committed 10624K, reserved 1048576K
Event: 4296.166 GC heap after
Heap after GC invocations=32 (full 3):
 PSYoungGen      total 258560K, used 5306K [0x00000000eab00000, 0x00000000fc500000, 0x0000000100000000)
  eden space 252928K, 0% used [0x00000000eab00000,0x00000000eab00000,0x00000000fa200000)
  from space 5632K, 94% used [0x00000000fa900000,0x00000000fae2e820,0x00000000fae80000)
  to   space 17920K, 0% used [0x00000000fb380000,0x00000000fb380000,0x00000000fc500000)
 ParOldGen       total 241152K, used 42777K [0x00000000c0000000, 0x00000000ceb80000, 0x00000000eab00000)
  object space 241152K, 17% used [0x00000000c0000000,0x00000000c29c64c0,0x00000000ceb80000)
 Metaspace       used 77476K, capacity 82306K, committed 82560K, reserved 1122304K
  class space    used 9704K, capacity 10523K, committed 10624K, reserved 1048576K
}
Event: 5395.193 GC heap before
{Heap before GC invocations=33 (full 3):
 PSYoungGen      total 258560K, used 258234K [0x00000000eab00000, 0x00000000fc500000, 0x0000000100000000)
  eden space 252928K, 100% used [0x00000000eab00000,0x00000000fa200000,0x00000000fa200000)
  from space 5632K, 94% used [0x00000000fa900000,0x00000000fae2e820,0x00000000fae80000)
  to   space 17920K, 0% used [0x00000000fb380000,0x00000000fb380000,0x00000000fc500000)
 ParOldGen       total 241152K, used 42777K [0x00000000c0000000, 0x00000000ceb80000, 0x00000000eab00000)
  object space 241152K, 17% used [0x00000000c0000000,0x00000000c29c64c0,0x00000000ceb80000)
 Metaspace       used 77879K, capacity 82818K, committed 83072K, reserved 1122304K
  class space    used 9727K, capacity 10542K, committed 10624K, reserved 1048576K
Event: 5395.200 GC heap after
Heap after GC invocations=33 (full 3):
 PSYoungGen      total 258560K, used 12188K [0x00000000eab00000, 0x00000000fbf80000, 0x0000000100000000)
  eden space 246272K, 0% used [0x00000000eab00000,0x00000000eab00000,0x00000000f9b80000)
  from space 12288K, 99% used [0x00000000fb380000,0x00000000fbf67308,0x00000000fbf80000)
  to   space 18432K, 0% used [0x00000000f9b80000,0x00000000f9b80000,0x00000000fad80000)
 ParOldGen       total 241152K, used 42785K [0x00000000c0000000, 0x00000000ceb80000, 0x00000000eab00000)
  object space 241152K, 17% used [0x00000000c0000000,0x00000000c29c84c0,0x00000000ceb80000)
 Metaspace       used 77879K, capacity 82818K, committed 83072K, reserved 1122304K
  class space    used 9727K, capacity 10542K, committed 10624K, reserved 1048576K
}
Event: 5432.173 GC heap before
{Heap before GC invocations=34 (full 3):
 PSYoungGen      total 258560K, used 258460K [0x00000000eab00000, 0x00000000fbf80000, 0x0000000100000000)
  eden space 246272K, 100% used [0x00000000eab00000,0x00000000f9b80000,0x00000000f9b80000)
  from space 12288K, 99% used [0x00000000fb380000,0x00000000fbf67308,0x00000000fbf80000)
  to   space 18432K, 0% used [0x00000000f9b80000,0x00000000f9b80000,0x00000000fad80000)
 ParOldGen       total 241152K, used 42785K [0x00000000c0000000, 0x00000000ceb80000, 0x00000000eab00000)
  object space 241152K, 17% used [0x00000000c0000000,0x00000000c29c84c0,0x00000000ceb80000)
 Metaspace       used 81732K, capacity 87056K, committed 87296K, reserved 1126400K
  class space    used 10200K, capacity 11191K, committed 11264K, reserved 1048576K
Event: 5432.181 GC heap after
Heap after GC invocations=34 (full 3):
 PSYoungGen      total 254464K, used 14657K [0x00000000eab00000, 0x00000000fbc00000, 0x0000000100000000)
  eden space 239616K, 0% used [0x00000000eab00000,0x00000000eab00000,0x00000000f9500000)
  from space 14848K, 98% used [0x00000000f9b80000,0x00000000fa9d0628,0x00000000faa00000)
  to   space 18432K, 0% used [0x00000000faa00000,0x00000000faa00000,0x00000000fbc00000)
 ParOldGen       total 241152K, used 42793K [0x00000000c0000000, 0x00000000ceb80000, 0x00000000eab00000)
  object space 241152K, 17% used [0x00000000c0000000,0x00000000c29ca4c0,0x00000000ceb80000)
 Metaspace       used 81732K, capacity 87056K, committed 87296K, reserved 1126400K
  class space    used 10200K, capacity 11191K, committed 11264K, reserved 1048576K
}

